2025-01-31 13:45:27 [main] INFO  Main - Starting to parse mapping File
2025-01-31 13:45:27 [main] INFO  Main - Time needed for Obo parsing: 0.313 seconds
2025-01-31 13:45:31 [main] INFO  Main - Time needed for Enrich parsing: 4.521 seconds
2025-01-31 13:45:31 [main] INFO  Main - Starting to parse Obo File
2025-01-31 13:45:32 [main] INFO  parser.OboParser - Starting to parse gtf file
2025-01-31 13:45:33 [main] INFO  parser.OboParser - GTF-File parsed
2025-01-31 13:45:33 [main] INFO  Main - Time needed for Obo parsing: 1.768 seconds
2025-01-31 13:45:33 [main] ERROR Main - Error while executing main
java.lang.NullPointerException: Cannot invoke "model.Obo.setGroundTruth(boolean)" because the return value of "java.util.Map.get(Object)" is null
	at Analyse.compute(Analyse.java:31)
	at Main.main(Main.java:47)
2025-01-31 13:46:37 [main] INFO  Main - Starting to parse mapping File
2025-01-31 13:46:37 [main] INFO  Main - Time needed for Obo parsing: 0.214 seconds
2025-01-31 13:46:37 [main] INFO  Main - Time needed for Enrich parsing: 0.064 seconds
2025-01-31 13:46:37 [main] INFO  Main - Starting to parse Obo File
2025-01-31 13:46:37 [main] INFO  parser.OboParser - Starting to parse gtf file
2025-01-31 13:46:38 [main] INFO  parser.OboParser - GTF-File parsed
2025-01-31 13:46:38 [main] INFO  Main - Time needed for Obo parsing: 1.301 seconds
2025-01-31 13:49:43 [main] INFO  Main - Time needed for whole program: 186.102 seconds
2025-01-31 13:59:54 [main] INFO  Main - Starting to parse mapping File
2025-01-31 13:59:54 [main] INFO  Main - Time needed for Obo parsing: 0.189 seconds
2025-01-31 13:59:54 [main] INFO  Main - Time needed for Enrich parsing: 0.072 seconds
2025-01-31 13:59:54 [main] INFO  Main - Starting to parse Obo File
2025-01-31 13:59:54 [main] INFO  parser.OboParser - Starting to parse gtf file
2025-01-31 13:59:55 [main] INFO  parser.OboParser - GTF-File parsed
2025-01-31 13:59:55 [main] INFO  Main - Time needed for Obo parsing: 1.243 seconds
2025-01-31 13:59:55 [main] ERROR Analyse - Error while writing to file
java.io.FileNotFoundException: C:\Users\mathi\Desktop\gobi_projects\goenrich\src\main\output (Access is denied)
	at java.base/java.io.FileOutputStream.open0(Native Method)
	at java.base/java.io.FileOutputStream.open(FileOutputStream.java:289)
	at java.base/java.io.FileOutputStream.<init>(FileOutputStream.java:230)
	at java.base/java.io.FileOutputStream.<init>(FileOutputStream.java:118)
	at java.base/java.io.FileWriter.<init>(FileWriter.java:67)
	at Analyse.print(Analyse.java:51)
	at Analyse.compute(Analyse.java:46)
	at Main.main(Main.java:47)
2025-01-31 13:59:55 [main] INFO  Main - Time needed for whole program: 1.532 seconds
2025-01-31 14:00:25 [main] INFO  Main - Starting to parse mapping File
2025-01-31 14:00:26 [main] INFO  Main - Time needed for Obo parsing: 0.223 seconds
2025-01-31 14:00:26 [main] INFO  Main - Time needed for Enrich parsing: 0.065 seconds
2025-01-31 14:00:26 [main] INFO  Main - Starting to parse Obo File
2025-01-31 14:00:26 [main] INFO  parser.OboParser - Starting to parse gtf file
2025-01-31 14:00:27 [main] INFO  parser.OboParser - GTF-File parsed
2025-01-31 14:00:27 [main] INFO  Main - Time needed for Obo parsing: 1.234 seconds
2025-01-31 14:00:27 [main] INFO  Main - Time needed for whole program: 1.566 seconds
2025-01-31 14:00:53 [main] INFO  Main - Starting to parse mapping File
2025-01-31 14:00:54 [main] INFO  Main - Time needed for Obo parsing: 0.219 seconds
2025-01-31 14:00:54 [main] INFO  Main - Time needed for Enrich parsing: 0.071 seconds
2025-01-31 14:00:54 [main] INFO  Main - Starting to parse Obo File
2025-01-31 14:00:54 [main] INFO  parser.OboParser - Starting to parse gtf file
2025-01-31 14:00:55 [main] INFO  parser.OboParser - GTF-File parsed
2025-01-31 14:00:55 [main] INFO  Main - Time needed for Obo parsing: 1.376 seconds
2025-01-31 14:01:25 [main] INFO  Main - Starting to parse mapping File
2025-01-31 14:01:25 [main] INFO  Main - Time needed for Obo parsing: 0.195 seconds
2025-01-31 14:01:25 [main] INFO  Main - Time needed for Enrich parsing: 0.059 seconds
2025-01-31 14:01:25 [main] INFO  Main - Starting to parse Obo File
2025-01-31 14:01:25 [main] INFO  parser.OboParser - Starting to parse gtf file
2025-01-31 14:01:26 [main] INFO  parser.OboParser - GTF-File parsed
2025-01-31 14:01:26 [main] INFO  Main - Time needed for Obo parsing: 1.243 seconds
2025-01-31 14:01:26 [main] INFO  Main - Time needed for whole program: 1.543 seconds
2025-01-31 15:13:08 [main] INFO  Main - Starting to parse mapping File
2025-01-31 15:13:09 [main] INFO  Main - Time needed for Obo parsing: 0.235 seconds
2025-01-31 15:13:09 [main] INFO  Main - Time needed for Enrich parsing: 0.069 seconds
2025-01-31 15:13:09 [main] INFO  Main - Starting to parse Obo File
2025-01-31 15:13:09 [main] INFO  parser.OboParser - Starting to parse gtf file
2025-01-31 15:13:10 [main] INFO  parser.OboParser - GTF-File parsed
2025-01-31 15:13:10 [main] INFO  Main - Time needed for Obo parsing: 1.59 seconds
2025-01-31 15:13:10 [main] INFO  Main - Time needed for whole program: 2.081 seconds
2025-01-31 15:15:37 [main] INFO  Main - Starting to parse mapping File
2025-01-31 15:15:37 [main] INFO  Main - Time needed for Obo parsing: 0.187 seconds
2025-01-31 15:15:37 [main] INFO  Main - Time needed for Enrich parsing: 0.06 seconds
2025-01-31 15:15:37 [main] INFO  Main - Starting to parse Obo File
2025-01-31 15:15:38 [main] INFO  parser.OboParser - Starting to parse gtf file
2025-01-31 15:15:38 [main] INFO  parser.OboParser - GTF-File parsed
2025-01-31 15:15:39 [main] INFO  Main - Time needed for Obo parsing: 1.317 seconds
2025-01-31 15:15:39 [main] INFO  Main - Time needed for whole program: 1.761 seconds
2025-01-31 15:15:59 [main] INFO  Main - Starting to parse mapping File
2025-01-31 15:15:59 [main] INFO  Main - Time needed for Obo parsing: 0.178 seconds
2025-01-31 15:16:00 [main] INFO  Main - Time needed for Enrich parsing: 0.059 seconds
2025-01-31 15:16:00 [main] INFO  Main - Starting to parse Obo File
2025-01-31 15:16:00 [main] INFO  parser.OboParser - Starting to parse gtf file
2025-01-31 15:16:00 [main] INFO  parser.OboParser - GTF-File parsed
2025-01-31 15:16:01 [main] INFO  Main - Time needed for Obo parsing: 1.117 seconds
2025-01-31 15:16:01 [main] INFO  Main - Time needed for whole program: 1.53 seconds
2025-01-31 15:16:52 [main] INFO  Main - Starting to parse mapping File
2025-01-31 15:16:52 [main] INFO  Main - Time needed for Obo parsing: 0.227 seconds
2025-01-31 15:16:52 [main] INFO  Main - Time needed for Enrich parsing: 0.054 seconds
2025-01-31 15:16:52 [main] INFO  Main - Starting to parse Obo File
2025-01-31 15:16:52 [main] INFO  parser.OboParser - Starting to parse gtf file
2025-01-31 15:16:53 [main] INFO  parser.OboParser - GTF-File parsed
2025-01-31 15:16:53 [main] INFO  Main - Time needed for Obo parsing: 1.107 seconds
2025-01-31 15:16:54 [main] INFO  Main - Time needed for whole program: 1.562 seconds
2025-01-31 15:17:05 [main] INFO  Main - Starting to parse mapping File
2025-01-31 15:17:05 [main] INFO  Main - Time needed for Obo parsing: 0.184 seconds
2025-01-31 15:17:05 [main] INFO  Main - Time needed for Enrich parsing: 0.069 seconds
2025-01-31 15:17:05 [main] INFO  Main - Starting to parse Obo File
2025-01-31 15:17:05 [main] INFO  parser.OboParser - Starting to parse gtf file
2025-01-31 15:17:06 [main] INFO  parser.OboParser - GTF-File parsed
2025-01-31 15:17:07 [main] INFO  Main - Time needed for Obo parsing: 1.351 seconds
2025-01-31 15:17:07 [main] INFO  Main - Time needed for whole program: 1.825 seconds
2025-01-31 15:23:37 [main] INFO  Main - Starting to parse mapping File
2025-01-31 15:23:37 [main] INFO  Main - Time needed for Obo parsing: 0.318 seconds
2025-01-31 15:23:37 [main] INFO  Main - Time needed for Enrich parsing: 0.098 seconds
2025-01-31 15:23:37 [main] INFO  Main - Starting to parse Obo File
2025-01-31 15:23:38 [main] INFO  parser.OboParser - Starting to parse gtf file
2025-01-31 15:23:39 [main] INFO  parser.OboParser - GTF-File parsed
2025-01-31 15:23:40 [main] INFO  Main - Time needed for Obo parsing: 2.188 seconds
2025-01-31 15:26:25 [main] INFO  Main - Starting to parse mapping File
2025-01-31 15:26:25 [main] INFO  Main - Time needed for Obo parsing: 0.183 seconds
2025-01-31 15:26:25 [main] INFO  Main - Time needed for Enrich parsing: 0.065 seconds
2025-01-31 15:26:25 [main] INFO  Main - Starting to parse Obo File
2025-01-31 15:26:25 [main] INFO  parser.OboParser - Starting to parse gtf file
2025-01-31 15:26:26 [main] INFO  parser.OboParser - GTF-File parsed
2025-01-31 15:26:26 [main] INFO  Main - Time needed for Obo parsing: 1.144 seconds
2025-01-31 15:26:26 [main] INFO  Main - Time needed for whole program: 1.554 seconds
2025-01-31 15:29:04 [main] INFO  Main - Starting to parse mapping File
2025-01-31 15:29:05 [main] INFO  Main - Time needed for Obo parsing: 0.187 seconds
2025-01-31 15:29:05 [main] INFO  Main - Time needed for Enrich parsing: 0.075 seconds
2025-01-31 15:29:05 [main] INFO  Main - Starting to parse Obo File
2025-01-31 15:29:05 [main] INFO  parser.OboParser - Starting to parse gtf file
2025-01-31 15:29:06 [main] INFO  parser.OboParser - GTF-File parsed
2025-01-31 15:29:06 [main] INFO  Main - Time needed for Obo parsing: 1.248 seconds
2025-01-31 15:29:06 [main] INFO  Main - Time needed for whole program: 1.703 seconds
2025-01-31 15:49:07 [main] INFO  Main - Starting to parse mapping File
2025-01-31 15:49:07 [main] INFO  Main - Time needed for Obo parsing: 0.229 seconds
2025-01-31 15:49:07 [main] INFO  Main - Time needed for Enrich parsing: 0.051 seconds
2025-01-31 15:49:07 [main] INFO  Main - Starting to parse Obo File
2025-01-31 15:49:08 [main] INFO  parser.OboParser - Starting to parse gtf file
2025-01-31 15:49:08 [main] INFO  parser.OboParser - GTF-File parsed
2025-01-31 15:49:09 [main] INFO  Main - Time needed for Obo parsing: 1.189 seconds
2025-01-31 15:51:14 [main] INFO  Main - Time needed for whole program: 126.679 seconds
2025-01-31 15:52:08 [main] INFO  Main - Starting to parse mapping File
2025-01-31 15:52:08 [main] INFO  Main - Time needed for Obo parsing: 0.233 seconds
2025-01-31 15:52:09 [main] INFO  Main - Time needed for Enrich parsing: 0.089 seconds
2025-01-31 15:52:09 [main] INFO  Main - Starting to parse Obo File
2025-01-31 15:52:09 [main] INFO  parser.OboParser - Starting to parse gtf file
2025-01-31 15:52:10 [main] INFO  parser.OboParser - GTF-File parsed
2025-01-31 15:52:10 [main] INFO  Main - Time needed for Obo parsing: 1.325 seconds
2025-01-31 15:52:10 [main] INFO  Main - Time needed for whole program: 1.818 seconds
2025-01-31 15:52:51 [main] INFO  Main - Starting to parse mapping File
2025-01-31 15:52:51 [main] INFO  Main - Time needed for Obo parsing: 0.168 seconds
2025-01-31 15:52:51 [main] INFO  Main - Time needed for Enrich parsing: 0.057 seconds
2025-01-31 15:52:51 [main] INFO  Main - Starting to parse Obo File
2025-01-31 15:52:51 [main] INFO  parser.OboParser - Starting to parse gtf file
2025-01-31 15:52:52 [main] INFO  parser.OboParser - GTF-File parsed
2025-01-31 15:52:52 [main] INFO  Main - Time needed for Obo parsing: 1.215 seconds
2025-01-31 15:52:52 [main] INFO  Main - Time needed for whole program: 1.619 seconds
2025-01-31 15:53:57 [main] INFO  Main - Starting to parse mapping File
2025-01-31 15:53:57 [main] INFO  Main - Time needed for Obo parsing: 0.227 seconds
2025-01-31 15:53:57 [main] INFO  Main - Time needed for Enrich parsing: 0.045 seconds
2025-01-31 15:53:57 [main] INFO  Main - Starting to parse Obo File
2025-01-31 15:53:57 [main] INFO  parser.OboParser - Starting to parse gtf file
2025-01-31 15:53:58 [main] INFO  parser.OboParser - GTF-File parsed
2025-01-31 15:53:58 [main] INFO  Main - Time needed for Obo parsing: 1.155 seconds
2025-01-31 15:55:08 [main] INFO  Main - Starting to parse mapping File
2025-01-31 15:55:08 [main] INFO  Main - Time needed for Obo parsing: 0.177 seconds
2025-01-31 15:55:08 [main] INFO  Main - Time needed for Enrich parsing: 0.06 seconds
2025-01-31 15:55:08 [main] INFO  Main - Starting to parse Obo File
2025-01-31 15:55:08 [main] INFO  parser.OboParser - Starting to parse gtf file
2025-01-31 15:55:09 [main] INFO  parser.OboParser - GTF-File parsed
2025-01-31 15:55:09 [main] INFO  Main - Time needed for Obo parsing: 1.152 seconds
2025-01-31 15:55:09 [main] INFO  Main - Time needed for whole program: 1.573 seconds
2025-01-31 15:55:45 [main] INFO  Main - Starting to parse mapping File
2025-01-31 15:55:45 [main] INFO  Main - Time needed for Obo parsing: 0.18 seconds
2025-01-31 15:55:45 [main] INFO  Main - Time needed for Enrich parsing: 0.103 seconds
2025-01-31 15:55:45 [main] INFO  Main - Starting to parse Obo File
2025-01-31 15:55:45 [main] INFO  parser.OboParser - Starting to parse gtf file
2025-01-31 15:55:46 [main] INFO  parser.OboParser - GTF-File parsed
2025-01-31 15:55:46 [main] INFO  Main - Time needed for Obo parsing: 1.209 seconds
2025-01-31 15:55:47 [main] INFO  Main - Time needed for whole program: 1.662 seconds
2025-01-31 15:56:27 [main] INFO  Main - Starting to parse mapping File
2025-01-31 15:56:27 [main] INFO  Main - Time needed for Obo parsing: 0.229 seconds
2025-01-31 15:56:27 [main] INFO  Main - Time needed for Enrich parsing: 0.052 seconds
2025-01-31 15:56:27 [main] INFO  Main - Starting to parse Obo File
2025-01-31 15:56:27 [main] INFO  parser.OboParser - Starting to parse gtf file
2025-01-31 15:56:28 [main] INFO  parser.OboParser - GTF-File parsed
2025-01-31 15:56:29 [main] INFO  Main - Time needed for Obo parsing: 1.251 seconds
2025-01-31 15:56:48 [main] INFO  Main - Time needed for whole program: 21.031 seconds
2025-01-31 15:57:00 [main] INFO  Main - Starting to parse mapping File
2025-01-31 15:57:00 [main] INFO  Main - Time needed for Obo parsing: 0.221 seconds
2025-01-31 15:57:00 [main] INFO  Main - Time needed for Enrich parsing: 0.06 seconds
2025-01-31 15:57:00 [main] INFO  Main - Starting to parse Obo File
2025-01-31 15:57:00 [main] INFO  parser.OboParser - Starting to parse gtf file
2025-01-31 15:57:01 [main] INFO  parser.OboParser - GTF-File parsed
2025-01-31 15:57:01 [main] INFO  Main - Time needed for Obo parsing: 1.23 seconds
2025-01-31 15:57:01 [main] INFO  Main - Time needed for whole program: 1.696 seconds
2025-01-31 15:57:22 [main] INFO  Main - Starting to parse mapping File
2025-01-31 15:57:22 [main] INFO  Main - Time needed for Obo parsing: 0.21 seconds
2025-01-31 15:57:22 [main] INFO  Main - Time needed for Enrich parsing: 0.082 seconds
2025-01-31 15:57:22 [main] INFO  Main - Starting to parse Obo File
2025-01-31 15:57:22 [main] INFO  parser.OboParser - Starting to parse gtf file
2025-01-31 15:57:23 [main] INFO  parser.OboParser - GTF-File parsed
2025-01-31 15:57:23 [main] INFO  Main - Time needed for Obo parsing: 1.173 seconds
2025-01-31 15:57:23 [main] INFO  Main - Time needed for whole program: 1.681 seconds
2025-01-31 16:00:27 [main] INFO  Main - Starting to parse mapping File
2025-01-31 16:00:27 [main] INFO  Main - Time needed for Obo parsing: 0.175 seconds
2025-01-31 16:00:27 [main] INFO  Main - Time needed for Enrich parsing: 0.063 seconds
2025-01-31 16:00:27 [main] INFO  Main - Starting to parse Obo File
2025-01-31 16:00:27 [main] INFO  parser.OboParser - Starting to parse gtf file
2025-01-31 16:00:28 [main] INFO  parser.OboParser - GTF-File parsed
2025-01-31 16:00:28 [main] INFO  Main - Time needed for Obo parsing: 1.303 seconds
2025-01-31 16:00:28 [main] INFO  Main - Time needed for whole program: 1.764 seconds
2025-01-31 16:01:06 [main] INFO  Main - Starting to parse mapping File
2025-01-31 16:01:06 [main] INFO  Main - Time needed for Obo parsing: 0.203 seconds
2025-01-31 16:01:06 [main] INFO  Main - Time needed for Enrich parsing: 0.056 seconds
2025-01-31 16:01:06 [main] INFO  Main - Starting to parse Obo File
2025-01-31 16:01:06 [main] INFO  parser.OboParser - Starting to parse gtf file
2025-01-31 16:01:07 [main] INFO  parser.OboParser - GTF-File parsed
2025-01-31 16:01:08 [main] INFO  Main - Time needed for Obo parsing: 1.204 seconds
2025-01-31 16:02:21 [main] INFO  Main - Starting to parse mapping File
2025-01-31 16:02:21 [main] INFO  Main - Time needed for Obo parsing: 0.221 seconds
2025-01-31 16:02:21 [main] INFO  Main - Time needed for Enrich parsing: 0.059 seconds
2025-01-31 16:02:21 [main] INFO  Main - Starting to parse Obo File
2025-01-31 16:02:21 [main] INFO  parser.OboParser - Starting to parse gtf file
2025-01-31 16:02:22 [main] INFO  parser.OboParser - GTF-File parsed
2025-01-31 16:02:22 [main] INFO  Main - Time needed for Obo parsing: 1.17 seconds
2025-01-31 16:02:43 [main] INFO  Main - Starting to parse mapping File
2025-01-31 16:02:43 [main] INFO  Main - Time needed for Obo parsing: 0.235 seconds
2025-01-31 16:02:43 [main] INFO  Main - Time needed for Enrich parsing: 0.061 seconds
2025-01-31 16:02:43 [main] INFO  Main - Starting to parse Obo File
2025-01-31 16:02:43 [main] INFO  parser.OboParser - Starting to parse gtf file
2025-01-31 16:02:44 [main] INFO  parser.OboParser - GTF-File parsed
2025-01-31 16:02:44 [main] INFO  Main - Time needed for Obo parsing: 1.13 seconds
2025-01-31 16:06:39 [main] INFO  Main - Starting to parse mapping File
2025-01-31 16:06:39 [main] INFO  Main - Time needed for Obo parsing: 0.177 seconds
2025-01-31 16:06:39 [main] INFO  Main - Time needed for Enrich parsing: 0.071 seconds
2025-01-31 16:06:39 [main] INFO  Main - Starting to parse Obo File
2025-01-31 16:06:39 [main] INFO  parser.OboParser - Starting to parse gtf file
2025-01-31 16:06:40 [main] INFO  parser.OboParser - GTF-File parsed
2025-01-31 16:06:41 [main] INFO  Main - Time needed for Obo parsing: 1.223 seconds
2025-01-31 16:06:41 [main] INFO  Main - Time needed for whole program: 1.691 seconds
2025-01-31 16:16:19 [main] INFO  Main - Starting to parse mapping File
2025-01-31 16:16:20 [main] INFO  Main - Time needed for Obo parsing: 0.192 seconds
2025-01-31 16:16:20 [main] INFO  Main - Time needed for Enrich parsing: 0.076 seconds
2025-01-31 16:16:20 [main] INFO  Main - Starting to parse Obo File
2025-01-31 16:16:20 [main] INFO  parser.OboParser - Starting to parse gtf file
2025-01-31 16:16:21 [main] INFO  parser.OboParser - GTF-File parsed
2025-01-31 16:16:21 [main] INFO  Main - Time needed for Obo parsing: 1.259 seconds
2025-01-31 16:16:21 [main] INFO  Main - Time needed for whole program: 1.781 seconds
2025-01-31 16:18:58 [main] INFO  Main - Starting to parse mapping File
2025-01-31 16:18:58 [main] INFO  Main - Time needed for Obo parsing: 0.197 seconds
2025-01-31 16:18:58 [main] INFO  Main - Time needed for Enrich parsing: 0.06 seconds
2025-01-31 16:18:58 [main] INFO  Main - Starting to parse Obo File
2025-01-31 16:18:59 [main] INFO  parser.OboParser - Starting to parse gtf file
2025-01-31 16:19:00 [main] INFO  parser.OboParser - GTF-File parsed
2025-01-31 16:19:00 [main] INFO  Main - Time needed for Obo parsing: 1.511 seconds
2025-01-31 16:19:00 [main] INFO  Main - Time needed for whole program: 2.0 seconds
2025-01-31 16:19:07 [main] INFO  Main - Starting to parse mapping File
2025-01-31 16:19:07 [main] INFO  Main - Time needed for Obo parsing: 0.293 seconds
2025-01-31 16:19:08 [main] INFO  Main - Time needed for Enrich parsing: 0.087 seconds
2025-01-31 16:19:08 [main] INFO  Main - Starting to parse Obo File
2025-01-31 16:19:08 [main] INFO  parser.OboParser - Starting to parse gtf file
2025-01-31 16:19:09 [main] INFO  parser.OboParser - GTF-File parsed
2025-01-31 16:19:10 [main] INFO  Main - Time needed for Obo parsing: 1.922 seconds
2025-01-31 16:19:54 [main] INFO  Main - Starting to parse mapping File
2025-01-31 16:19:54 [main] INFO  Main - Time needed for Obo parsing: 0.219 seconds
2025-01-31 16:19:54 [main] INFO  Main - Time needed for Enrich parsing: 0.068 seconds
2025-01-31 16:19:54 [main] INFO  Main - Starting to parse Obo File
2025-01-31 16:19:54 [main] INFO  parser.OboParser - Starting to parse gtf file
2025-01-31 16:19:55 [main] INFO  parser.OboParser - GTF-File parsed
2025-01-31 16:19:55 [main] INFO  Main - Time needed for Obo parsing: 1.335 seconds
2025-01-31 16:19:56 [main] INFO  Main - Time needed for whole program: 1.827 seconds
2025-01-31 17:10:07 [main] INFO  Main - Starting to parse mapping File
2025-01-31 17:10:07 [main] INFO  Main - Time needed for Obo parsing: 0.237 seconds
2025-01-31 17:10:07 [main] INFO  Main - Time needed for Enrich parsing: 0.061 seconds
2025-01-31 17:10:07 [main] INFO  Main - Starting to parse Obo File
2025-01-31 17:10:07 [main] INFO  parser.OboParser - Starting to parse gtf file
2025-01-31 17:10:09 [main] INFO  parser.OboParser - GTF-File parsed
2025-01-31 17:10:09 [main] INFO  Main - Time needed for Obo parsing: 2.039 seconds
2025-01-31 17:16:56 [main] INFO  Main - Starting to parse mapping File
2025-01-31 17:16:57 [main] INFO  Main - Time needed for Obo parsing: 0.2 seconds
2025-01-31 17:16:57 [main] INFO  Main - Time needed for Enrich parsing: 0.063 seconds
2025-01-31 17:16:57 [main] INFO  Main - Starting to parse Obo File
2025-01-31 17:16:57 [main] INFO  parser.OboParser - Starting to parse gtf file
2025-01-31 17:16:58 [main] INFO  parser.OboParser - GTF-File parsed
2025-01-31 17:16:58 [main] INFO  Main - Time needed for Obo parsing: 1.301 seconds
2025-01-31 17:30:04 [main] INFO  Main - Starting to parse mapping File
2025-01-31 17:30:04 [main] INFO  Main - Time needed for Obo parsing: 0.188 seconds
2025-01-31 17:30:04 [main] INFO  Main - Time needed for Enrich parsing: 0.063 seconds
2025-01-31 17:30:04 [main] INFO  Main - Starting to parse Obo File
2025-01-31 17:30:04 [main] INFO  parser.OboParser - Starting to parse gtf file
2025-01-31 17:30:05 [main] INFO  parser.OboParser - GTF-File parsed
2025-01-31 17:30:05 [main] INFO  Main - Time needed for Obo parsing: 1.404 seconds
2025-01-31 17:30:06 [main] INFO  Main - Time needed for whole program: 2.049 seconds
2025-01-31 17:33:38 [main] INFO  Main - Starting to parse mapping File
2025-01-31 17:33:38 [main] INFO  Main - Time needed for Obo parsing: 0.178 seconds
2025-01-31 17:33:38 [main] INFO  Main - Time needed for Enrich parsing: 0.079 seconds
2025-01-31 17:33:38 [main] INFO  Main - Starting to parse Obo File
2025-01-31 17:33:38 [main] INFO  parser.OboParser - Starting to parse gtf file
2025-01-31 17:33:39 [main] INFO  parser.OboParser - GTF-File parsed
2025-01-31 17:33:40 [main] INFO  Main - Time needed for Obo parsing: 1.308 seconds
2025-01-31 17:33:40 [main] INFO  Main - Time needed for whole program: 1.934 seconds
